<?xml version="1.0" encoding="utf-8"?>
<coverage line-rate="0.7483" branch-rate="0.7376999999999999" version="1.9" timestamp="1740360055" lines-covered="1050" lines-valid="1403" branches-covered="90" branches-valid="122">
  <sources>
    <source>C:\Users\CARLOS\Desktop\Aprendizaje\CSharp\Nurtricenter-Contratacting\Contracting\</source>
  </sources>
  <packages>
    <package name="Contracting.Application" line-rate="0.8606999999999999" branch-rate="0.5357" complexity="73">
      <classes>
        <class name="Contracting.Application.Extensions" filename="Contragting.Application\Extensions.cs" line-rate="1" branch-rate="1" complexity="1">
          <methods>
            <method name="AddApplication" signature="(Microsoft.Extensions.DependencyInjection.IServiceCollection)" line-rate="1" branch-rate="1" complexity="1">
              <lines>
                <line number="13" hits="2" branch="False" />
                <line number="14" hits="4" branch="False" />
                <line number="16" hits="2" branch="False" />
                <line number="17" hits="2" branch="False" />
                <line number="18" hits="2" branch="False" />
                <line number="20" hits="2" branch="False" />
                <line number="21" hits="2" branch="False" />
              </lines>
            </method>
          </methods>
          <lines>
            <line number="13" hits="2" branch="False" />
            <line number="14" hits="4" branch="False" />
            <line number="16" hits="2" branch="False" />
            <line number="17" hits="2" branch="False" />
            <line number="18" hits="2" branch="False" />
            <line number="20" hits="2" branch="False" />
            <line number="21" hits="2" branch="False" />
          </lines>
        </class>
        <class name="Contracting.Application.Patients.GetPatients.GetPatientsQuery" filename="Contragting.Application\Patients\GetPatients\GetPatientsQuery.cs" line-rate="1" branch-rate="1" complexity="1">
          <methods>
            <method name="get_SearchTerm" signature="()" line-rate="1" branch-rate="1" complexity="1">
              <lines>
                <line number="6" hits="3" branch="False" />
              </lines>
            </method>
          </methods>
          <lines>
            <line number="6" hits="3" branch="False" />
          </lines>
        </class>
        <class name="Contracting.Application.Patients.GetPatients.PatientDto" filename="Contragting.Application\Patients\GetPatients\PatientDto.cs" line-rate="1" branch-rate="1" complexity="3">
          <methods>
            <method name="get_Id" signature="()" line-rate="1" branch-rate="1" complexity="1">
              <lines>
                <line number="7" hits="6" branch="False" />
              </lines>
            </method>
            <method name="get_PatientName" signature="()" line-rate="1" branch-rate="1" complexity="1">
              <lines>
                <line number="8" hits="6" branch="False" />
              </lines>
            </method>
            <method name="get_PatientPhone" signature="()" line-rate="1" branch-rate="1" complexity="1">
              <lines>
                <line number="9" hits="6" branch="False" />
              </lines>
            </method>
          </methods>
          <lines>
            <line number="7" hits="6" branch="False" />
            <line number="8" hits="6" branch="False" />
            <line number="9" hits="6" branch="False" />
          </lines>
        </class>
        <class name="Contracting.Application.Patients.GetPatientById.GetPatientByIdQuery" filename="Contragting.Application\Patients\GetPatientById\GetPatientByIdQuery.cs" line-rate="1" branch-rate="1" complexity="1">
          <methods>
            <method name="get_PatientId" signature="()" line-rate="1" branch-rate="1" complexity="1">
              <lines>
                <line number="7" hits="8" branch="False" />
              </lines>
            </method>
          </methods>
          <lines>
            <line number="7" hits="8" branch="False" />
          </lines>
        </class>
        <class name="Contracting.Application.Patients.CreatePatient.CreatePatientCommand" filename="Contragting.Application\Patients\CreatePatient\CreatePatientCommand.cs" line-rate="1" branch-rate="1" complexity="1">
          <methods>
            <method name="get_PatientName" signature="()" line-rate="1" branch-rate="1" complexity="1">
              <lines>
                <line number="6" hits="9" branch="False" />
              </lines>
            </method>
          </methods>
          <lines>
            <line number="6" hits="9" branch="False" />
          </lines>
        </class>
        <class name="Contracting.Application.Patients.CreatePatient.CreatePatientHandler" filename="Contragting.Application\Patients\CreatePatient\CreatePatientHandler.cs" line-rate="1" branch-rate="1" complexity="1">
          <methods>
            <method name=".ctor" signature="(Contracting.Domain.Patients.IPatienteFactory,Contracting.Domain.Patients.IPatientRepository,Contracting.Domain.Abstractions.IUnitOfWork)" line-rate="1" branch-rate="1" complexity="1">
              <lines>
                <line number="14" hits="1" branch="False" />
                <line number="15" hits="1" branch="False" />
                <line number="16" hits="1" branch="False" />
                <line number="17" hits="1" branch="False" />
                <line number="18" hits="1" branch="False" />
                <line number="19" hits="1" branch="False" />
              </lines>
            </method>
          </methods>
          <lines>
            <line number="14" hits="1" branch="False" />
            <line number="15" hits="1" branch="False" />
            <line number="16" hits="1" branch="False" />
            <line number="17" hits="1" branch="False" />
            <line number="18" hits="1" branch="False" />
            <line number="19" hits="1" branch="False" />
          </lines>
        </class>
        <class name="Contracting.Application.Patients.CreatePatient.CreatePatientHandler/&lt;Handle&gt;d__4" filename="Contragting.Application\Patients\CreatePatient\CreatePatientHandler.cs" line-rate="1" branch-rate="1" complexity="1">
          <methods>
            <method name="MoveNext" signature="()" line-rate="1" branch-rate="1" complexity="1">
              <lines>
                <line number="22" hits="1" branch="False" />
                <line number="23" hits="1" branch="False" />
                <line number="24" hits="1" branch="False" />
                <line number="25" hits="1" branch="False" />
                <line number="26" hits="1" branch="False" />
                <line number="27" hits="1" branch="False" />
              </lines>
            </method>
          </methods>
          <lines>
            <line number="22" hits="1" branch="False" />
            <line number="23" hits="1" branch="False" />
            <line number="24" hits="1" branch="False" />
            <line number="25" hits="1" branch="False" />
            <line number="26" hits="1" branch="False" />
            <line number="27" hits="1" branch="False" />
          </lines>
        </class>
        <class name="Contracting.Application.Contracts.UpdateAddressById.UpdateAddressCommand" filename="Contragting.Application\Contracts\UpdateAddress\UpdateAddressCommand.cs" line-rate="1" branch-rate="1" complexity="1">
          <methods>
            <method name="get_ContractId" signature="()" line-rate="1" branch-rate="1" complexity="1">
              <lines>
                <line number="6" hits="2" branch="False" />
              </lines>
            </method>
          </methods>
          <lines>
            <line number="6" hits="2" branch="False" />
          </lines>
        </class>
        <class name="Contracting.Application.Contracts.UpdateAddressById.UpdateAddressHandler" filename="Contragting.Application\Contracts\UpdateAddress\UpdateAddressHandler.cs" line-rate="0" branch-rate="1" complexity="1">
          <methods>
            <method name=".ctor" signature="(Contracting.Domain.Contracts.IContractFactory,Contracting.Domain.Contracts.IContractRepository,Contracting.Domain.Abstractions.IUnitOfWork)" line-rate="0" branch-rate="1" complexity="1">
              <lines>
                <line number="14" hits="0" branch="False" />
                <line number="15" hits="0" branch="False" />
                <line number="16" hits="0" branch="False" />
                <line number="17" hits="0" branch="False" />
                <line number="18" hits="0" branch="False" />
                <line number="19" hits="0" branch="False" />
              </lines>
            </method>
          </methods>
          <lines>
            <line number="14" hits="0" branch="False" />
            <line number="15" hits="0" branch="False" />
            <line number="16" hits="0" branch="False" />
            <line number="17" hits="0" branch="False" />
            <line number="18" hits="0" branch="False" />
            <line number="19" hits="0" branch="False" />
          </lines>
        </class>
        <class name="Contracting.Application.Contracts.UpdateAddressById.UpdateAddressHandler/&lt;Handle&gt;d__4" filename="Contragting.Application\Contracts\UpdateAddress\UpdateAddressHandler.cs" line-rate="0" branch-rate="0" complexity="10">
          <methods>
            <method name="MoveNext" signature="()" line-rate="0" branch-rate="0" complexity="10">
              <lines>
                <line number="22" hits="0" branch="False" />
                <line number="23" hits="0" branch="False" />
                <line number="24" hits="0" branch="True" condition-coverage="0% (0/2)">
                  <conditions>
                    <condition number="195" type="jump" coverage="0%" />
                  </conditions>
                </line>
                <line number="25" hits="0" branch="False" />
                <line number="26" hits="0" branch="False" />
                <line number="29" hits="0" branch="False" />
                <line number="30" hits="0" branch="True" condition-coverage="0% (0/2)">
                  <conditions>
                    <condition number="318" type="jump" coverage="0%" />
                  </conditions>
                </line>
                <line number="31" hits="0" branch="False" />
                <line number="32" hits="0" branch="False" />
                <line number="33" hits="0" branch="True" condition-coverage="0% (0/6)">
                  <conditions>
                    <condition number="386" type="jump" coverage="0%" />
                    <condition number="409" type="jump" coverage="0%" />
                    <condition number="445" type="jump" coverage="0%" />
                  </conditions>
                </line>
                <line number="34" hits="0" branch="False" />
                <line number="35" hits="0" branch="False" />
                <line number="37" hits="0" branch="False" />
                <line number="38" hits="0" branch="False" />
                <line number="39" hits="0" branch="False" />
                <line number="40" hits="0" branch="False" />
              </lines>
            </method>
          </methods>
          <lines>
            <line number="22" hits="0" branch="False" />
            <line number="23" hits="0" branch="False" />
            <line number="24" hits="0" branch="True" condition-coverage="0% (0/2)">
              <conditions>
                <condition number="195" type="jump" coverage="0%" />
              </conditions>
            </line>
            <line number="25" hits="0" branch="False" />
            <line number="26" hits="0" branch="False" />
            <line number="29" hits="0" branch="False" />
            <line number="30" hits="0" branch="True" condition-coverage="0% (0/2)">
              <conditions>
                <condition number="318" type="jump" coverage="0%" />
              </conditions>
            </line>
            <line number="31" hits="0" branch="False" />
            <line number="32" hits="0" branch="False" />
            <line number="33" hits="0" branch="True" condition-coverage="0% (0/6)">
              <conditions>
                <condition number="386" type="jump" coverage="0%" />
                <condition number="409" type="jump" coverage="0%" />
                <condition number="445" type="jump" coverage="0%" />
              </conditions>
            </line>
            <line number="34" hits="0" branch="False" />
            <line number="35" hits="0" branch="False" />
            <line number="37" hits="0" branch="False" />
            <line number="38" hits="0" branch="False" />
            <line number="39" hits="0" branch="False" />
            <line number="40" hits="0" branch="False" />
          </lines>
        </class>
        <class name="Contracting.Application.Contracts.InProgressContract.InProgressContractCommand" filename="Contragting.Application\Contracts\InProgressContract\InProgressContractCommand.cs" line-rate="1" branch-rate="1" complexity="1">
          <methods>
            <method name="get_ContractId" signature="()" line-rate="1" branch-rate="1" complexity="1">
              <lines>
                <line number="6" hits="6" branch="False" />
              </lines>
            </method>
          </methods>
          <lines>
            <line number="6" hits="6" branch="False" />
          </lines>
        </class>
        <class name="Contracting.Application.Contracts.InProgressContract.InProgressContractHandler" filename="Contragting.Application\Contracts\InProgressContract\InProgressContractHandler.cs" line-rate="1" branch-rate="1" complexity="1">
          <methods>
            <method name=".ctor" signature="(Contracting.Domain.Contracts.IContractRepository,Contracting.Domain.Abstractions.IUnitOfWork)" line-rate="1" branch-rate="1" complexity="1">
              <lines>
                <line number="14" hits="2" branch="False" />
                <line number="15" hits="2" branch="False" />
                <line number="16" hits="2" branch="False" />
                <line number="17" hits="2" branch="False" />
                <line number="18" hits="2" branch="False" />
              </lines>
            </method>
          </methods>
          <lines>
            <line number="14" hits="2" branch="False" />
            <line number="15" hits="2" branch="False" />
            <line number="16" hits="2" branch="False" />
            <line number="17" hits="2" branch="False" />
            <line number="18" hits="2" branch="False" />
          </lines>
        </class>
        <class name="Contracting.Application.Contracts.InProgressContract.InProgressContractHandler/&lt;Handle&gt;d__4" filename="Contragting.Application\Contracts\InProgressContract\InProgressContractHandler.cs" line-rate="1" branch-rate="0.75" complexity="4">
          <methods>
            <method name="MoveNext" signature="()" line-rate="1" branch-rate="0.75" complexity="4">
              <lines>
                <line number="21" hits="2" branch="False" />
                <line number="22" hits="2" branch="False" />
                <line number="23" hits="2" branch="True" condition-coverage="100% (2/2)">
                  <conditions>
                    <condition number="195" type="jump" coverage="100%" />
                  </conditions>
                </line>
                <line number="24" hits="1" branch="False" />
                <line number="25" hits="1" branch="False" />
                <line number="27" hits="1" branch="False" />
                <line number="28" hits="1" branch="False" />
                <line number="29" hits="1" branch="True" condition-coverage="50% (1/2)">
                  <conditions>
                    <condition number="285" type="jump" coverage="50%" />
                  </conditions>
                </line>
                <line number="31" hits="1" branch="False" />
                <line number="33" hits="1" branch="False" />
                <line number="35" hits="1" branch="False" />
                <line number="36" hits="1" branch="False" />
              </lines>
            </method>
          </methods>
          <lines>
            <line number="21" hits="2" branch="False" />
            <line number="22" hits="2" branch="False" />
            <line number="23" hits="2" branch="True" condition-coverage="100% (2/2)">
              <conditions>
                <condition number="195" type="jump" coverage="100%" />
              </conditions>
            </line>
            <line number="24" hits="1" branch="False" />
            <line number="25" hits="1" branch="False" />
            <line number="27" hits="1" branch="False" />
            <line number="28" hits="1" branch="False" />
            <line number="29" hits="1" branch="True" condition-coverage="50% (1/2)">
              <conditions>
                <condition number="285" type="jump" coverage="50%" />
              </conditions>
            </line>
            <line number="31" hits="1" branch="False" />
            <line number="33" hits="1" branch="False" />
            <line number="35" hits="1" branch="False" />
            <line number="36" hits="1" branch="False" />
          </lines>
        </class>
        <class name="Contracting.Application.Contracts.GetContracts.DeliveryDayDto" filename="Contragting.Application\Contracts\GetContracts\DeliveryDayDto.cs" line-rate="1" branch-rate="1" complexity="7">
          <methods>
            <method name="get_Id" signature="()" line-rate="1" branch-rate="1" complexity="1">
              <lines>
                <line number="7" hits="16" branch="False" />
              </lines>
            </method>
            <method name="get_ContractId" signature="()" line-rate="1" branch-rate="1" complexity="1">
              <lines>
                <line number="8" hits="16" branch="False" />
              </lines>
            </method>
            <method name="get_Street" signature="()" line-rate="1" branch-rate="1" complexity="1">
              <lines>
                <line number="9" hits="16" branch="False" />
              </lines>
            </method>
            <method name="get_Number" signature="()" line-rate="1" branch-rate="1" complexity="1">
              <lines>
                <line number="10" hits="8" branch="False" />
              </lines>
            </method>
            <method name="get_DateTime" signature="()" line-rate="1" branch-rate="1" complexity="1">
              <lines>
                <line number="11" hits="16" branch="False" />
              </lines>
            </method>
            <method name="get_Longitude" signature="()" line-rate="1" branch-rate="1" complexity="1">
              <lines>
                <line number="12" hits="16" branch="False" />
              </lines>
            </method>
            <method name="get_Latitude" signature="()" line-rate="1" branch-rate="1" complexity="1">
              <lines>
                <line number="13" hits="16" branch="False" />
              </lines>
            </method>
          </methods>
          <lines>
            <line number="7" hits="16" branch="False" />
            <line number="8" hits="16" branch="False" />
            <line number="9" hits="16" branch="False" />
            <line number="10" hits="8" branch="False" />
            <line number="11" hits="16" branch="False" />
            <line number="12" hits="16" branch="False" />
            <line number="13" hits="16" branch="False" />
          </lines>
        </class>
        <class name="Contracting.Application.Contracts.GetContracts.GetContractsQuery" filename="Contragting.Application\Contracts\GetContracts\GetContractsQuery.cs" line-rate="1" branch-rate="1" complexity="1">
          <methods>
            <method name="get_SearchTerm" signature="()" line-rate="1" branch-rate="1" complexity="1">
              <lines>
                <line number="7" hits="3" branch="False" />
              </lines>
            </method>
          </methods>
          <lines>
            <line number="7" hits="3" branch="False" />
          </lines>
        </class>
        <class name="Contracting.Application.Contracts.GetContractById.ContractDto" filename="Contragting.Application\Contracts\GetContractById\ContractDto.cs" line-rate="1" branch-rate="1" complexity="10">
          <methods>
            <method name="get_Id" signature="()" line-rate="1" branch-rate="1" complexity="1">
              <lines>
                <line number="8" hits="6" branch="False" />
              </lines>
            </method>
            <method name="get_AdministratorId" signature="()" line-rate="1" branch-rate="1" complexity="1">
              <lines>
                <line number="9" hits="6" branch="False" />
              </lines>
            </method>
            <method name="get_PatientId" signature="()" line-rate="1" branch-rate="1" complexity="1">
              <lines>
                <line number="10" hits="6" branch="False" />
              </lines>
            </method>
            <method name="get_Type" signature="()" line-rate="1" branch-rate="1" complexity="1">
              <lines>
                <line number="11" hits="6" branch="False" />
              </lines>
            </method>
            <method name="get_Status" signature="()" line-rate="1" branch-rate="1" complexity="1">
              <lines>
                <line number="12" hits="6" branch="False" />
              </lines>
            </method>
            <method name="get_CreationDate" signature="()" line-rate="1" branch-rate="1" complexity="1">
              <lines>
                <line number="13" hits="3" branch="False" />
              </lines>
            </method>
            <method name="get_StartDate" signature="()" line-rate="1" branch-rate="1" complexity="1">
              <lines>
                <line number="14" hits="6" branch="False" />
              </lines>
            </method>
            <method name="get_CompleteDate" signature="()" line-rate="1" branch-rate="1" complexity="1">
              <lines>
                <line number="15" hits="6" branch="False" />
              </lines>
            </method>
            <method name="get_CostValue" signature="()" line-rate="1" branch-rate="1" complexity="1">
              <lines>
                <line number="16" hits="3" branch="False" />
              </lines>
            </method>
            <method name="get_DeliveryDays" signature="()" line-rate="1" branch-rate="1" complexity="1">
              <lines>
                <line number="17" hits="51" branch="False" />
              </lines>
            </method>
          </methods>
          <lines>
            <line number="8" hits="6" branch="False" />
            <line number="9" hits="6" branch="False" />
            <line number="10" hits="6" branch="False" />
            <line number="11" hits="6" branch="False" />
            <line number="12" hits="6" branch="False" />
            <line number="13" hits="3" branch="False" />
            <line number="14" hits="6" branch="False" />
            <line number="15" hits="6" branch="False" />
            <line number="16" hits="3" branch="False" />
            <line number="17" hits="51" branch="False" />
          </lines>
        </class>
        <class name="Contracting.Application.Contracts.GetContractById.GetContractByIdQuery" filename="Contragting.Application\Contracts\GetContractById\GetContractByIdQuery.cs" line-rate="1" branch-rate="1" complexity="1">
          <methods>
            <method name="get_ContractId" signature="()" line-rate="1" branch-rate="1" complexity="1">
              <lines>
                <line number="6" hits="7" branch="False" />
              </lines>
            </method>
          </methods>
          <lines>
            <line number="6" hits="7" branch="False" />
          </lines>
        </class>
        <class name="Contracting.Application.Contracts.CreateContract.CreateContractCommand" filename="Contragting.Application\Contracts\CreateContract\CreateContractCommand.cs" line-rate="1" branch-rate="1" complexity="1">
          <methods>
            <method name="get_AdministratorId" signature="()" line-rate="1" branch-rate="1" complexity="1">
              <lines>
                <line number="6" hits="20" branch="False" />
              </lines>
            </method>
          </methods>
          <lines>
            <line number="6" hits="20" branch="False" />
          </lines>
        </class>
        <class name="Contracting.Application.Contracts.CreateContract.CreateDeliveryDaysCommand" filename="Contragting.Application\Contracts\CreateContract\CreateContractCommand.cs" line-rate="1" branch-rate="1" complexity="1">
          <methods>
            <method name="get_Start" signature="()" line-rate="1" branch-rate="1" complexity="1">
              <lines>
                <line number="8" hits="681" branch="False" />
              </lines>
            </method>
          </methods>
          <lines>
            <line number="8" hits="681" branch="False" />
          </lines>
        </class>
        <class name="Contracting.Application.Contracts.CreateContract.CreateContractHandler" filename="Contragting.Application\Contracts\CreateContract\CreateContractHandler.cs" line-rate="1" branch-rate="1" complexity="1">
          <methods>
            <method name=".ctor" signature="(Contracting.Domain.Contracts.IContractFactory,Contracting.Domain.Contracts.IContractRepository,Contracting.Domain.Abstractions.IUnitOfWork)" line-rate="1" branch-rate="1" complexity="1">
              <lines>
                <line number="16" hits="2" branch="False" />
                <line number="17" hits="2" branch="False" />
                <line number="18" hits="2" branch="False" />
                <line number="19" hits="2" branch="False" />
                <line number="20" hits="2" branch="False" />
                <line number="21" hits="2" branch="False" />
              </lines>
            </method>
          </methods>
          <lines>
            <line number="16" hits="2" branch="False" />
            <line number="17" hits="2" branch="False" />
            <line number="18" hits="2" branch="False" />
            <line number="19" hits="2" branch="False" />
            <line number="20" hits="2" branch="False" />
            <line number="21" hits="2" branch="False" />
          </lines>
        </class>
        <class name="Contracting.Application.Contracts.CreateContract.CreateContractHandler/&lt;Handle&gt;d__4" filename="Contragting.Application\Contracts\CreateContract\CreateContractHandler.cs" line-rate="1" branch-rate="0.9" complexity="10">
          <methods>
            <method name="MoveNext" signature="()" line-rate="1" branch-rate="0.9" complexity="10">
              <lines>
                <line number="24" hits="2" branch="False" />
                <line number="25" hits="2" branch="True" condition-coverage="75% (3/4)">
                  <conditions>
                    <condition number="68" type="jump" coverage="100%" />
                    <condition number="81" type="jump" coverage="50%" />
                  </conditions>
                </line>
                <line number="26" hits="2" branch="False" />
                <line number="27" hits="1" branch="False" />
                <line number="28" hits="1" branch="False" />
                <line number="29" hits="2" branch="False" />
                <line number="31" hits="2" branch="False" />
                <line number="32" hits="18" branch="True" condition-coverage="100% (2/2)">
                  <conditions>
                    <condition number="524" type="jump" coverage="100%" />
                  </conditions>
                </line>
                <line number="33" hits="6" branch="False" />
                <line number="35" hits="6" branch="True" condition-coverage="100% (2/2)">
                  <conditions>
                    <condition number="305" type="jump" coverage="100%" />
                  </conditions>
                </line>
                <line number="36" hits="3" branch="False" />
                <line number="37" hits="3" branch="False" />
                <line number="38" hits="3" branch="False" />
                <line number="40" hits="3" branch="False" />
                <line number="41" hits="3" branch="False" />
                <line number="42" hits="3" branch="False" />
                <line number="43" hits="282" branch="True" condition-coverage="100% (2/2)">
                  <conditions>
                    <condition number="500" type="jump" coverage="100%" />
                  </conditions>
                </line>
                <line number="44" hits="135" branch="False" />
                <line number="45" hits="135" branch="False" />
                <line number="46" hits="135" branch="False" />
                <line number="47" hits="135" branch="False" />
                <line number="48" hits="6" branch="False" />
                <line number="49" hits="2" branch="False" />
                <line number="51" hits="2" branch="False" />
                <line number="52" hits="2" branch="False" />
                <line number="53" hits="2" branch="False" />
                <line number="54" hits="2" branch="False" />
              </lines>
            </method>
          </methods>
          <lines>
            <line number="24" hits="2" branch="False" />
            <line number="25" hits="2" branch="True" condition-coverage="75% (3/4)">
              <conditions>
                <condition number="68" type="jump" coverage="100%" />
                <condition number="81" type="jump" coverage="50%" />
              </conditions>
            </line>
            <line number="26" hits="2" branch="False" />
            <line number="27" hits="1" branch="False" />
            <line number="28" hits="1" branch="False" />
            <line number="29" hits="2" branch="False" />
            <line number="31" hits="2" branch="False" />
            <line number="32" hits="18" branch="True" condition-coverage="100% (2/2)">
              <conditions>
                <condition number="524" type="jump" coverage="100%" />
              </conditions>
            </line>
            <line number="33" hits="6" branch="False" />
            <line number="35" hits="6" branch="True" condition-coverage="100% (2/2)">
              <conditions>
                <condition number="305" type="jump" coverage="100%" />
              </conditions>
            </line>
            <line number="36" hits="3" branch="False" />
            <line number="37" hits="3" branch="False" />
            <line number="38" hits="3" branch="False" />
            <line number="40" hits="3" branch="False" />
            <line number="41" hits="3" branch="False" />
            <line number="42" hits="3" branch="False" />
            <line number="43" hits="282" branch="True" condition-coverage="100% (2/2)">
              <conditions>
                <condition number="500" type="jump" coverage="100%" />
              </conditions>
            </line>
            <line number="44" hits="135" branch="False" />
            <line number="45" hits="135" branch="False" />
            <line number="46" hits="135" branch="False" />
            <line number="47" hits="135" branch="False" />
            <line number="48" hits="6" branch="False" />
            <line number="49" hits="2" branch="False" />
            <line number="51" hits="2" branch="False" />
            <line number="52" hits="2" branch="False" />
            <line number="53" hits="2" branch="False" />
            <line number="54" hits="2" branch="False" />
          </lines>
        </class>
        <class name="Contracting.Application.Contracts.CompleteContract.CompleteContractCommand" filename="Contragting.Application\Contracts\CompleteContract\CompleteContractCommand.cs" line-rate="1" branch-rate="1" complexity="1">
          <methods>
            <method name="get_ContractId" signature="()" line-rate="1" branch-rate="1" complexity="1">
              <lines>
                <line number="6" hits="6" branch="False" />
              </lines>
            </method>
          </methods>
          <lines>
            <line number="6" hits="6" branch="False" />
          </lines>
        </class>
        <class name="Contracting.Application.Contracts.CompleteContract.CompleteContractHandler" filename="Contragting.Application\Contracts\CompleteContract\CompleteContractHandler.cs" line-rate="1" branch-rate="1" complexity="1">
          <methods>
            <method name=".ctor" signature="(Contracting.Domain.Contracts.IContractRepository,Contracting.Domain.Abstractions.IUnitOfWork)" line-rate="1" branch-rate="1" complexity="1">
              <lines>
                <line number="13" hits="2" branch="False" />
                <line number="14" hits="2" branch="False" />
                <line number="15" hits="2" branch="False" />
                <line number="16" hits="2" branch="False" />
                <line number="17" hits="2" branch="False" />
              </lines>
            </method>
          </methods>
          <lines>
            <line number="13" hits="2" branch="False" />
            <line number="14" hits="2" branch="False" />
            <line number="15" hits="2" branch="False" />
            <line number="16" hits="2" branch="False" />
            <line number="17" hits="2" branch="False" />
          </lines>
        </class>
        <class name="Contracting.Application.Contracts.CompleteContract.CompleteContractHandler/&lt;Handle&gt;d__3" filename="Contragting.Application\Contracts\CompleteContract\CompleteContractHandler.cs" line-rate="1" branch-rate="0.75" complexity="4">
          <methods>
            <method name="MoveNext" signature="()" line-rate="1" branch-rate="0.75" complexity="4">
              <lines>
                <line number="20" hits="2" branch="False" />
                <line number="21" hits="2" branch="False" />
                <line number="22" hits="2" branch="True" condition-coverage="100% (2/2)">
                  <conditions>
                    <condition number="195" type="jump" coverage="100%" />
                  </conditions>
                </line>
                <line number="23" hits="1" branch="False" />
                <line number="24" hits="1" branch="False" />
                <line number="26" hits="1" branch="False" />
                <line number="27" hits="1" branch="False" />
                <line number="28" hits="1" branch="True" condition-coverage="50% (1/2)">
                  <conditions>
                    <condition number="285" type="jump" coverage="50%" />
                  </conditions>
                </line>
                <line number="30" hits="1" branch="False" />
                <line number="32" hits="1" branch="False" />
                <line number="34" hits="1" branch="False" />
                <line number="35" hits="1" branch="False" />
              </lines>
            </method>
          </methods>
          <lines>
            <line number="20" hits="2" branch="False" />
            <line number="21" hits="2" branch="False" />
            <line number="22" hits="2" branch="True" condition-coverage="100% (2/2)">
              <conditions>
                <condition number="195" type="jump" coverage="100%" />
              </conditions>
            </line>
            <line number="23" hits="1" branch="False" />
            <line number="24" hits="1" branch="False" />
            <line number="26" hits="1" branch="False" />
            <line number="27" hits="1" branch="False" />
            <line number="28" hits="1" branch="True" condition-coverage="50% (1/2)">
              <conditions>
                <condition number="285" type="jump" coverage="50%" />
              </conditions>
            </line>
            <line number="30" hits="1" branch="False" />
            <line number="32" hits="1" branch="False" />
            <line number="34" hits="1" branch="False" />
            <line number="35" hits="1" branch="False" />
          </lines>
        </class>
        <class name="Contracting.Application.Administrators.GetAdministrators.AdministratorDto" filename="Contragting.Application\Administrators\GetAdministrators\AdministratorDto.cs" line-rate="1" branch-rate="1" complexity="3">
          <methods>
            <method name="get_Id" signature="()" line-rate="1" branch-rate="1" complexity="1">
              <lines>
                <line number="7" hits="6" branch="False" />
              </lines>
            </method>
            <method name="get_AdministratorName" signature="()" line-rate="1" branch-rate="1" complexity="1">
              <lines>
                <line number="8" hits="6" branch="False" />
              </lines>
            </method>
            <method name="get_AdministratorPhone" signature="()" line-rate="1" branch-rate="1" complexity="1">
              <lines>
                <line number="9" hits="6" branch="False" />
              </lines>
            </method>
          </methods>
          <lines>
            <line number="7" hits="6" branch="False" />
            <line number="8" hits="6" branch="False" />
            <line number="9" hits="6" branch="False" />
          </lines>
        </class>
        <class name="Contracting.Application.Administrators.GetAdministrators.GetAdministratorsQuery" filename="Contragting.Application\Administrators\GetAdministrators\GetAdministratorsQuery.cs" line-rate="1" branch-rate="1" complexity="1">
          <methods>
            <method name="get_SearchTerm" signature="()" line-rate="1" branch-rate="1" complexity="1">
              <lines>
                <line number="6" hits="3" branch="False" />
              </lines>
            </method>
          </methods>
          <lines>
            <line number="6" hits="3" branch="False" />
          </lines>
        </class>
        <class name="Contracting.Application.Administrators.GetAdministratorById.GetAdministratorByIdQuery" filename="Contragting.Application\Administrators\GetAdministratorById\GetAdministratorByIdQuery.cs" line-rate="1" branch-rate="1" complexity="1">
          <methods>
            <method name="get_AdministratorId" signature="()" line-rate="1" branch-rate="1" complexity="1">
              <lines>
                <line number="7" hits="9" branch="False" />
              </lines>
            </method>
          </methods>
          <lines>
            <line number="7" hits="9" branch="False" />
          </lines>
        </class>
        <class name="Contracting.Application.Administrators.CreateAdministrator.CreateAdministratorCommand" filename="Contragting.Application\Administrators\CreateAdministrator\CreateAdministratorCommand.cs" line-rate="1" branch-rate="1" complexity="1">
          <methods>
            <method name="get_AdministratorName" signature="()" line-rate="1" branch-rate="1" complexity="1">
              <lines>
                <line number="6" hits="9" branch="False" />
              </lines>
            </method>
          </methods>
          <lines>
            <line number="6" hits="9" branch="False" />
          </lines>
        </class>
        <class name="Contracting.Application.Administrators.CreateAdministrator.CreateAdministratorHandler" filename="Contragting.Application\Administrators\CreateAdministrator\CreateAdministratorHandler.cs" line-rate="1" branch-rate="1" complexity="1">
          <methods>
            <method name=".ctor" signature="(Contracting.Domain.Administrators.IAdministratorFactory,Contracting.Domain.Administrators.IAdministratorRepository,Contracting.Domain.Abstractions.IUnitOfWork)" line-rate="1" branch-rate="1" complexity="1">
              <lines>
                <line number="14" hits="1" branch="False" />
                <line number="15" hits="1" branch="False" />
                <line number="16" hits="1" branch="False" />
                <line number="17" hits="1" branch="False" />
                <line number="18" hits="1" branch="False" />
                <line number="19" hits="1" branch="False" />
                <line number="20" hits="1" branch="False" />
                <line number="21" hits="1" branch="False" />
              </lines>
            </method>
          </methods>
          <lines>
            <line number="14" hits="1" branch="False" />
            <line number="15" hits="1" branch="False" />
            <line number="16" hits="1" branch="False" />
            <line number="17" hits="1" branch="False" />
            <line number="18" hits="1" branch="False" />
            <line number="19" hits="1" branch="False" />
            <line number="20" hits="1" branch="False" />
            <line number="21" hits="1" branch="False" />
          </lines>
        </class>
        <class name="Contracting.Application.Administrators.CreateAdministrator.CreateAdministratorHandler/&lt;Handle&gt;d__4" filename="Contragting.Application\Administrators\CreateAdministrator\CreateAdministratorHandler.cs" line-rate="1" branch-rate="1" complexity="1">
          <methods>
            <method name="MoveNext" signature="()" line-rate="1" branch-rate="1" complexity="1">
              <lines>
                <line number="24" hits="1" branch="False" />
                <line number="25" hits="1" branch="False" />
                <line number="26" hits="1" branch="False" />
                <line number="27" hits="1" branch="False" />
                <line number="28" hits="1" branch="False" />
                <line number="29" hits="1" branch="False" />
              </lines>
            </method>
          </methods>
          <lines>
            <line number="24" hits="1" branch="False" />
            <line number="25" hits="1" branch="False" />
            <line number="26" hits="1" branch="False" />
            <line number="27" hits="1" branch="False" />
            <line number="28" hits="1" branch="False" />
            <line number="29" hits="1" branch="False" />
          </lines>
        </class>
      </classes>
    </package>
    <package name="Contracting.Domain" line-rate="0.9248999999999999" branch-rate="0.7894" complexity="124">
      <classes>
        <class name="Contracting.Domain.Shared.CostValue" filename="Contracting\Shared\CostValue.cs" line-rate="1" branch-rate="0.75" complexity="6">
          <methods>
            <method name="get_Value" signature="()" line-rate="1" branch-rate="1" complexity="1">
              <lines>
                <line number="7" hits="31" branch="False" />
              </lines>
            </method>
            <method name="op_Implicit" signature="(Contracting.Domain.Shared.CostValue)" line-rate="1" branch-rate="0.5" complexity="2">
              <lines>
                <line number="23" hits="1" branch="False" />
                <line number="24" hits="1" branch="True" condition-coverage="50% (1/2)">
                  <conditions>
                    <condition number="8" type="jump" coverage="50%" />
                  </conditions>
                </line>
                <line number="25" hits="1" branch="False" />
              </lines>
            </method>
            <method name="op_Implicit" signature="(System.Decimal)" line-rate="1" branch-rate="1" complexity="1">
              <lines>
                <line number="28" hits="20" branch="False" />
                <line number="29" hits="20" branch="False" />
                <line number="30" hits="20" branch="False" />
              </lines>
            </method>
            <method name=".ctor" signature="(System.Decimal)" line-rate="1" branch-rate="1" complexity="2">
              <lines>
                <line number="9" hits="28" branch="False" />
                <line number="10" hits="28" branch="False" />
                <line number="11" hits="28" branch="True" condition-coverage="100% (2/2)">
                  <conditions>
                    <condition number="21" type="jump" coverage="100%" />
                  </conditions>
                </line>
                <line number="12" hits="1" branch="False" />
                <line number="13" hits="1" branch="False" />
                <line number="15" hits="27" branch="False" />
                <line number="19" hits="27" branch="False" />
                <line number="20" hits="27" branch="False" />
              </lines>
            </method>
          </methods>
          <lines>
            <line number="7" hits="31" branch="False" />
            <line number="23" hits="1" branch="False" />
            <line number="24" hits="1" branch="True" condition-coverage="50% (1/2)">
              <conditions>
                <condition number="8" type="jump" coverage="50%" />
              </conditions>
            </line>
            <line number="25" hits="1" branch="False" />
            <line number="28" hits="20" branch="False" />
            <line number="29" hits="20" branch="False" />
            <line number="30" hits="20" branch="False" />
            <line number="9" hits="28" branch="False" />
            <line number="10" hits="28" branch="False" />
            <line number="11" hits="28" branch="True" condition-coverage="100% (2/2)">
              <conditions>
                <condition number="21" type="jump" coverage="100%" />
              </conditions>
            </line>
            <line number="12" hits="1" branch="False" />
            <line number="13" hits="1" branch="False" />
            <line number="15" hits="27" branch="False" />
            <line number="19" hits="27" branch="False" />
            <line number="20" hits="27" branch="False" />
          </lines>
        </class>
        <class name="Contracting.Domain.Shared.FullNameValue" filename="Contracting\Shared\FullNameValue.cs" line-rate="1" branch-rate="0.875" complexity="12">
          <methods>
            <method name="get_Name" signature="()" line-rate="1" branch-rate="1" complexity="1">
              <lines>
                <line number="12" hits="62" branch="False" />
              </lines>
            </method>
            <method name="op_Implicit" signature="(Contracting.Domain.Shared.FullNameValue)" line-rate="1" branch-rate="0.5" complexity="2">
              <lines>
                <line number="35" hits="21" branch="False" />
                <line number="36" hits="21" branch="True" condition-coverage="50% (1/2)">
                  <conditions>
                    <condition number="8" type="jump" coverage="50%" />
                  </conditions>
                </line>
                <line number="37" hits="21" branch="False" />
              </lines>
            </method>
            <method name="op_Implicit" signature="(System.String)" line-rate="1" branch-rate="1" complexity="1">
              <lines>
                <line number="40" hits="37" branch="False" />
                <line number="41" hits="37" branch="False" />
                <line number="42" hits="29" branch="False" />
              </lines>
            </method>
            <method name="NormalizeName" signature="(System.String)" line-rate="1" branch-rate="1" complexity="1">
              <lines>
                <line number="45" hits="44" branch="False" />
                <line number="46" hits="44" branch="False" />
                <line number="48" hits="44" branch="False" />
                <line number="50" hits="44" branch="False" />
                <line number="51" hits="44" branch="False" />
              </lines>
            </method>
            <method name=".ctor" signature="(System.String)" line-rate="1" branch-rate="1" complexity="6">
              <lines>
                <line number="14" hits="45" branch="False" />
                <line number="15" hits="45" branch="False" />
                <line number="16" hits="45" branch="True" condition-coverage="100% (2/2)">
                  <conditions>
                    <condition number="16" type="jump" coverage="100%" />
                  </conditions>
                </line>
                <line number="17" hits="6" branch="False" />
                <line number="18" hits="6" branch="False" />
                <line number="21" hits="39" branch="True" condition-coverage="100% (2/2)">
                  <conditions>
                    <condition number="47" type="jump" coverage="100%" />
                  </conditions>
                </line>
                <line number="22" hits="1" branch="False" />
                <line number="23" hits="1" branch="False" />
                <line number="26" hits="38" branch="True" condition-coverage="100% (2/2)">
                  <conditions>
                    <condition number="130" type="jump" coverage="100%" />
                  </conditions>
                </line>
                <line number="27" hits="5" branch="False" />
                <line number="28" hits="5" branch="False" />
                <line number="31" hits="33" branch="False" />
                <line number="32" hits="33" branch="False" />
              </lines>
            </method>
            <method name=".cctor" signature="()" line-rate="1" branch-rate="1" complexity="1">
              <lines>
                <line number="9" hits="1" branch="False" />
              </lines>
            </method>
          </methods>
          <lines>
            <line number="12" hits="62" branch="False" />
            <line number="35" hits="21" branch="False" />
            <line number="36" hits="21" branch="True" condition-coverage="50% (1/2)">
              <conditions>
                <condition number="8" type="jump" coverage="50%" />
              </conditions>
            </line>
            <line number="37" hits="21" branch="False" />
            <line number="40" hits="37" branch="False" />
            <line number="41" hits="37" branch="False" />
            <line number="42" hits="29" branch="False" />
            <line number="45" hits="44" branch="False" />
            <line number="46" hits="44" branch="False" />
            <line number="48" hits="44" branch="False" />
            <line number="50" hits="44" branch="False" />
            <line number="51" hits="44" branch="False" />
            <line number="14" hits="45" branch="False" />
            <line number="15" hits="45" branch="False" />
            <line number="16" hits="45" branch="True" condition-coverage="100% (2/2)">
              <conditions>
                <condition number="16" type="jump" coverage="100%" />
              </conditions>
            </line>
            <line number="17" hits="6" branch="False" />
            <line number="18" hits="6" branch="False" />
            <line number="21" hits="39" branch="True" condition-coverage="100% (2/2)">
              <conditions>
                <condition number="47" type="jump" coverage="100%" />
              </conditions>
            </line>
            <line number="22" hits="1" branch="False" />
            <line number="23" hits="1" branch="False" />
            <line number="26" hits="38" branch="True" condition-coverage="100% (2/2)">
              <conditions>
                <condition number="130" type="jump" coverage="100%" />
              </conditions>
            </line>
            <line number="27" hits="5" branch="False" />
            <line number="28" hits="5" branch="False" />
            <line number="31" hits="33" branch="False" />
            <line number="32" hits="33" branch="False" />
            <line number="9" hits="1" branch="False" />
          </lines>
        </class>
        <class name="Contracting.Domain.Shared.PhoneNumberValue" filename="Contracting\Shared\PhoneNumberValue.cs" line-rate="1" branch-rate="0.8332999999999999" complexity="9">
          <methods>
            <method name="get_Phone" signature="()" line-rate="1" branch-rate="1" complexity="1">
              <lines>
                <line number="10" hits="52" branch="False" />
              </lines>
            </method>
            <method name="op_Implicit" signature="(Contracting.Domain.Shared.PhoneNumberValue)" line-rate="1" branch-rate="0.5" complexity="2">
              <lines>
                <line number="27" hits="19" branch="False" />
                <line number="28" hits="19" branch="True" condition-coverage="50% (1/2)">
                  <conditions>
                    <condition number="8" type="jump" coverage="50%" />
                  </conditions>
                </line>
                <line number="29" hits="19" branch="False" />
              </lines>
            </method>
            <method name="op_Implicit" signature="(System.String)" line-rate="1" branch-rate="1" complexity="1">
              <lines>
                <line number="32" hits="26" branch="False" />
                <line number="33" hits="26" branch="False" />
                <line number="34" hits="20" branch="False" />
              </lines>
            </method>
            <method name=".ctor" signature="(System.String)" line-rate="1" branch-rate="1" complexity="4">
              <lines>
                <line number="12" hits="36" branch="False" />
                <line number="13" hits="36" branch="False" />
                <line number="14" hits="36" branch="True" condition-coverage="100% (2/2)">
                  <conditions>
                    <condition number="16" type="jump" coverage="100%" />
                  </conditions>
                </line>
                <line number="15" hits="4" branch="False" />
                <line number="16" hits="4" branch="False" />
                <line number="19" hits="32" branch="True" condition-coverage="100% (2/2)">
                  <conditions>
                    <condition number="51" type="jump" coverage="100%" />
                  </conditions>
                </line>
                <line number="20" hits="7" branch="False" />
                <line number="21" hits="7" branch="False" />
                <line number="23" hits="25" branch="False" />
                <line number="24" hits="25" branch="False" />
              </lines>
            </method>
            <method name=".cctor" signature="()" line-rate="1" branch-rate="1" complexity="1">
              <lines>
                <line number="8" hits="1" branch="False" />
              </lines>
            </method>
          </methods>
          <lines>
            <line number="10" hits="52" branch="False" />
            <line number="27" hits="19" branch="False" />
            <line number="28" hits="19" branch="True" condition-coverage="50% (1/2)">
              <conditions>
                <condition number="8" type="jump" coverage="50%" />
              </conditions>
            </line>
            <line number="29" hits="19" branch="False" />
            <line number="32" hits="26" branch="False" />
            <line number="33" hits="26" branch="False" />
            <line number="34" hits="20" branch="False" />
            <line number="12" hits="36" branch="False" />
            <line number="13" hits="36" branch="False" />
            <line number="14" hits="36" branch="True" condition-coverage="100% (2/2)">
              <conditions>
                <condition number="16" type="jump" coverage="100%" />
              </conditions>
            </line>
            <line number="15" hits="4" branch="False" />
            <line number="16" hits="4" branch="False" />
            <line number="19" hits="32" branch="True" condition-coverage="100% (2/2)">
              <conditions>
                <condition number="51" type="jump" coverage="100%" />
              </conditions>
            </line>
            <line number="20" hits="7" branch="False" />
            <line number="21" hits="7" branch="False" />
            <line number="23" hits="25" branch="False" />
            <line number="24" hits="25" branch="False" />
            <line number="8" hits="1" branch="False" />
          </lines>
        </class>
        <class name="Contracting.Domain.Patients.Patient" filename="Contracting\Patients\Patient.cs" line-rate="1" branch-rate="1" complexity="4">
          <methods>
            <method name="get_Name" signature="()" line-rate="1" branch-rate="1" complexity="1">
              <lines>
                <line number="9" hits="24" branch="False" />
              </lines>
            </method>
            <method name="get_Phone" signature="()" line-rate="1" branch-rate="1" complexity="1">
              <lines>
                <line number="10" hits="19" branch="False" />
              </lines>
            </method>
            <method name=".ctor" signature="(System.String,System.String)" line-rate="1" branch-rate="1" complexity="1">
              <lines>
                <line number="12" hits="9" branch="False" />
                <line number="13" hits="9" branch="False" />
                <line number="14" hits="9" branch="False" />
                <line number="15" hits="9" branch="False" />
                <line number="16" hits="9" branch="False" />
              </lines>
            </method>
            <method name=".ctor" signature="()" line-rate="1" branch-rate="1" complexity="1">
              <lines>
                <line number="19" hits="3" branch="False" />
              </lines>
            </method>
          </methods>
          <lines>
            <line number="9" hits="24" branch="False" />
            <line number="10" hits="19" branch="False" />
            <line number="12" hits="9" branch="False" />
            <line number="13" hits="9" branch="False" />
            <line number="14" hits="9" branch="False" />
            <line number="15" hits="9" branch="False" />
            <line number="16" hits="9" branch="False" />
            <line number="19" hits="3" branch="False" />
          </lines>
        </class>
        <class name="Contracting.Domain.Patients.PatientFactory" filename="Contracting\Patients\PatientFactory.cs" line-rate="1" branch-rate="1" complexity="4">
          <methods>
            <method name="Create" signature="(System.String,System.String)" line-rate="1" branch-rate="1" complexity="4">
              <lines>
                <line number="8" hits="3" branch="False" />
                <line number="9" hits="3" branch="True" condition-coverage="100% (2/2)">
                  <conditions>
                    <condition number="9" type="jump" coverage="100%" />
                  </conditions>
                </line>
                <line number="10" hits="1" branch="False" />
                <line number="11" hits="1" branch="False" />
                <line number="13" hits="2" branch="True" condition-coverage="100% (2/2)">
                  <conditions>
                    <condition number="36" type="jump" coverage="100%" />
                  </conditions>
                </line>
                <line number="14" hits="1" branch="False" />
                <line number="15" hits="1" branch="False" />
                <line number="17" hits="1" branch="False" />
                <line number="18" hits="1" branch="False" />
              </lines>
            </method>
          </methods>
          <lines>
            <line number="8" hits="3" branch="False" />
            <line number="9" hits="3" branch="True" condition-coverage="100% (2/2)">
              <conditions>
                <condition number="9" type="jump" coverage="100%" />
              </conditions>
            </line>
            <line number="10" hits="1" branch="False" />
            <line number="11" hits="1" branch="False" />
            <line number="13" hits="2" branch="True" condition-coverage="100% (2/2)">
              <conditions>
                <condition number="36" type="jump" coverage="100%" />
              </conditions>
            </line>
            <line number="14" hits="1" branch="False" />
            <line number="15" hits="1" branch="False" />
            <line number="17" hits="1" branch="False" />
            <line number="18" hits="1" branch="False" />
          </lines>
        </class>
        <class name="Contracting.Domain.Delivery.DeliveryDay" filename="Contracting\DeliveryDays\DeliveryDay.cs" line-rate="0.9166" branch-rate="0.5" complexity="13">
          <methods>
            <method name="get_ContractId" signature="()" line-rate="1" branch-rate="1" complexity="1">
              <lines>
                <line number="9" hits="155" branch="False" />
              </lines>
            </method>
            <method name="get_Contract" signature="()" line-rate="0" branch-rate="1" complexity="1">
              <lines>
                <line number="10" hits="0" branch="False" />
              </lines>
            </method>
            <method name="get_Date" signature="()" line-rate="1" branch-rate="1" complexity="1">
              <lines>
                <line number="14" hits="26" branch="False" />
              </lines>
            </method>
            <method name="set_Date" signature="(System.DateTime)" line-rate="1" branch-rate="0.5" complexity="2">
              <lines>
                <line number="15" hits="153" branch="True" condition-coverage="50% (1/2)">
                  <conditions>
                    <condition number="9" type="jump" coverage="50%" />
                  </conditions>
                </line>
              </lines>
            </method>
            <method name="get_Street" signature="()" line-rate="1" branch-rate="1" complexity="1">
              <lines>
                <line number="17" hits="157" branch="False" />
              </lines>
            </method>
            <method name="get_Number" signature="()" line-rate="1" branch-rate="1" complexity="1">
              <lines>
                <line number="18" hits="155" branch="False" />
              </lines>
            </method>
            <method name="get_Longitude" signature="()" line-rate="1" branch-rate="1" complexity="1">
              <lines>
                <line number="19" hits="157" branch="False" />
              </lines>
            </method>
            <method name="get_Latitude" signature="()" line-rate="1" branch-rate="1" complexity="1">
              <lines>
                <line number="20" hits="157" branch="False" />
              </lines>
            </method>
            <method name="Update" signature="(System.String,System.Int32,System.Double,System.Double)" line-rate="1" branch-rate="1" complexity="1">
              <lines>
                <line number="34" hits="1" branch="False" />
                <line number="35" hits="1" branch="False" />
                <line number="36" hits="1" branch="False" />
                <line number="37" hits="1" branch="False" />
                <line number="38" hits="1" branch="False" />
                <line number="39" hits="1" branch="False" />
              </lines>
            </method>
            <method name=".ctor" signature="(System.Guid,System.DateTime,System.String,System.Int32,System.Double,System.Double)" line-rate="1" branch-rate="0.5" complexity="2">
              <lines>
                <line number="23" hits="153" branch="False" />
                <line number="24" hits="153" branch="False" />
                <line number="25" hits="153" branch="False" />
                <line number="26" hits="153" branch="True" condition-coverage="50% (1/2)">
                  <conditions>
                    <condition number="29" type="jump" coverage="50%" />
                  </conditions>
                </line>
                <line number="27" hits="153" branch="False" />
                <line number="28" hits="153" branch="False" />
                <line number="29" hits="153" branch="False" />
                <line number="30" hits="153" branch="False" />
                <line number="31" hits="153" branch="False" />
              </lines>
            </method>
            <method name=".ctor" signature="()" line-rate="0" branch-rate="1" complexity="1">
              <lines>
                <line number="41" hits="0" branch="False" />
              </lines>
            </method>
          </methods>
          <lines>
            <line number="9" hits="155" branch="False" />
            <line number="10" hits="0" branch="False" />
            <line number="14" hits="26" branch="False" />
            <line number="15" hits="153" branch="True" condition-coverage="50% (1/2)">
              <conditions>
                <condition number="9" type="jump" coverage="50%" />
              </conditions>
            </line>
            <line number="17" hits="157" branch="False" />
            <line number="18" hits="155" branch="False" />
            <line number="19" hits="157" branch="False" />
            <line number="20" hits="157" branch="False" />
            <line number="34" hits="1" branch="False" />
            <line number="35" hits="1" branch="False" />
            <line number="36" hits="1" branch="False" />
            <line number="37" hits="1" branch="False" />
            <line number="38" hits="1" branch="False" />
            <line number="39" hits="1" branch="False" />
            <line number="23" hits="153" branch="False" />
            <line number="24" hits="153" branch="False" />
            <line number="25" hits="153" branch="False" />
            <line number="26" hits="153" branch="True" condition-coverage="50% (1/2)">
              <conditions>
                <condition number="29" type="jump" coverage="50%" />
              </conditions>
            </line>
            <line number="27" hits="153" branch="False" />
            <line number="28" hits="153" branch="False" />
            <line number="29" hits="153" branch="False" />
            <line number="30" hits="153" branch="False" />
            <line number="31" hits="153" branch="False" />
            <line number="41" hits="0" branch="False" />
          </lines>
        </class>
        <class name="Contracting.Domain.Contracts.Contract" filename="Contracting\Contracts\Contract.cs" line-rate="0.7875" branch-rate="0.6944" complexity="47">
          <methods>
            <method name="get_AdministratorId" signature="()" line-rate="1" branch-rate="1" complexity="1">
              <lines>
                <line number="10" hits="30" branch="False" />
              </lines>
            </method>
            <method name="get_PatientId" signature="()" line-rate="1" branch-rate="1" complexity="1">
              <lines>
                <line number="11" hits="30" branch="False" />
              </lines>
            </method>
            <method name="get_Type" signature="()" line-rate="1" branch-rate="1" complexity="1">
              <lines>
                <line number="12" hits="26" branch="False" />
              </lines>
            </method>
            <method name="get_Status" signature="()" line-rate="1" branch-rate="1" complexity="1">
              <lines>
                <line number="13" hits="37" branch="False" />
              </lines>
            </method>
            <method name="get_CreationDate" signature="()" line-rate="1" branch-rate="1" complexity="1">
              <lines>
                <line number="17" hits="2" branch="False" />
              </lines>
            </method>
            <method name="set_CreationDate" signature="(System.DateTime)" line-rate="1" branch-rate="0.5" complexity="2">
              <lines>
                <line number="18" hits="20" branch="True" condition-coverage="50% (1/2)">
                  <conditions>
                    <condition number="9" type="jump" coverage="50%" />
                  </conditions>
                </line>
              </lines>
            </method>
            <method name="get_StartDate" signature="()" line-rate="1" branch-rate="1" complexity="1">
              <lines>
                <line number="23" hits="7" branch="False" />
              </lines>
            </method>
            <method name="set_StartDate" signature="(System.DateTime)" line-rate="1" branch-rate="1" complexity="2">
              <lines>
                <line number="24" hits="23" branch="True" condition-coverage="100% (2/2)">
                  <conditions>
                    <condition number="9" type="jump" coverage="100%" />
                  </conditions>
                </line>
              </lines>
            </method>
            <method name="get_CompletedDate" signature="()" line-rate="1" branch-rate="1" complexity="1">
              <lines>
                <line number="29" hits="2" branch="False" />
              </lines>
            </method>
            <method name="set_CompletedDate" signature="(System.Nullable`1&lt;System.DateTime&gt;)" line-rate="1" branch-rate="1" complexity="4">
              <lines>
                <line number="30" hits="4" branch="True" condition-coverage="100% (4/4)">
                  <conditions>
                    <condition number="8" type="jump" coverage="100%" />
                    <condition number="26" type="jump" coverage="100%" />
                  </conditions>
                </line>
              </lines>
            </method>
            <method name="get_Cost" signature="()" line-rate="1" branch-rate="1" complexity="1">
              <lines>
                <line number="32" hits="20" branch="False" />
              </lines>
            </method>
            <method name="get_DeliveryDays" signature="()" line-rate="1" branch-rate="1" complexity="1">
              <lines>
                <line number="37" hits="6" branch="False" />
                <line number="38" hits="6" branch="False" />
                <line number="39" hits="6" branch="False" />
              </lines>
            </method>
            <method name="CalculateTotalCost" signature="(Contracting.Domain.Contracts.ContractType)" line-rate="1" branch-rate="1" complexity="2">
              <lines>
                <line number="55" hits="22" branch="False" />
                <line number="56" hits="22" branch="True" condition-coverage="100% (2/2)">
                  <conditions>
                    <condition number="7" type="jump" coverage="100%" />
                  </conditions>
                </line>
                <line number="57" hits="18" branch="False" />
                <line number="58" hits="18" branch="False" />
                <line number="60" hits="4" branch="False" />
                <line number="61" hits="22" branch="False" />
              </lines>
            </method>
            <method name="CreateCalendar" signature="(System.Collections.Generic.List`1&lt;Contracting.Domain.Delivery.DeliveryDay&gt;)" line-rate="1" branch-rate="1" complexity="2">
              <lines>
                <line number="64" hits="5" branch="False" />
                <line number="65" hits="5" branch="True" condition-coverage="100% (2/2)">
                  <conditions>
                    <condition number="12" type="jump" coverage="100%" />
                  </conditions>
                </line>
                <line number="66" hits="1" branch="False" />
                <line number="67" hits="1" branch="False" />
                <line number="69" hits="4" branch="False" />
                <line number="70" hits="4" branch="False" />
              </lines>
            </method>
            <method name="UpdateAddressByDays" signature="(System.DateTime,System.DateTime,System.String,System.Int32,System.Double,System.Double)" line-rate="0.7646999999999999" branch-rate="0.7142000000000001" complexity="14">
              <lines>
                <line number="73" hits="1" branch="False" />
                <line number="74" hits="1" branch="True" condition-coverage="50% (1/2)">
                  <conditions>
                    <condition number="8" type="jump" coverage="50%" />
                  </conditions>
                </line>
                <line number="75" hits="1" branch="True" condition-coverage="50% (1/2)">
                  <conditions>
                    <condition number="35" type="jump" coverage="50%" />
                  </conditions>
                </line>
                <line number="76" hits="1" branch="True" condition-coverage="50% (1/2)">
                  <conditions>
                    <condition number="85" type="jump" coverage="50%" />
                  </conditions>
                </line>
                <line number="77" hits="0" branch="False" />
                <line number="78" hits="0" branch="False" />
                <line number="80" hits="1" branch="True" condition-coverage="50% (1/2)">
                  <conditions>
                    <condition number="125" type="jump" coverage="50%" />
                  </conditions>
                </line>
                <line number="81" hits="0" branch="False" />
                <line number="82" hits="0" branch="False" />
                <line number="84" hits="22" branch="True" condition-coverage="100% (2/2)">
                  <conditions>
                    <condition number="291" type="jump" coverage="100%" />
                  </conditions>
                </line>
                <line number="85" hits="10" branch="False" />
                <line number="86" hits="10" branch="True" condition-coverage="100% (4/4)">
                  <conditions>
                    <condition number="178" type="jump" coverage="100%" />
                    <condition number="216" type="jump" coverage="100%" />
                  </conditions>
                </line>
                <line number="87" hits="1" branch="False" />
                <line number="88" hits="1" branch="False" />
                <line number="89" hits="1" branch="False" />
                <line number="90" hits="10" branch="False" />
                <line number="91" hits="1" branch="False" />
              </lines>
            </method>
            <method name="CancelDate" signature="(System.DateTime)" line-rate="0" branch-rate="0" complexity="6">
              <lines>
                <line number="94" hits="0" branch="False" />
                <line number="95" hits="0" branch="True" condition-coverage="0% (0/2)">
                  <conditions>
                    <condition number="31" type="jump" coverage="0%" />
                  </conditions>
                </line>
                <line number="96" hits="0" branch="False" />
                <line number="97" hits="0" branch="False" />
                <line number="99" hits="0" branch="True" condition-coverage="0% (0/2)">
                  <conditions>
                    <condition number="126" type="jump" coverage="0%" />
                  </conditions>
                </line>
                <line number="100" hits="0" branch="False" />
                <line number="101" hits="0" branch="True" condition-coverage="0% (0/2)">
                  <conditions>
                    <condition number="86" type="jump" coverage="0%" />
                  </conditions>
                </line>
                <line number="102" hits="0" branch="False" />
                <line number="103" hits="0" branch="False" />
                <line number="104" hits="0" branch="False" />
                <line number="105" hits="0" branch="False" />
                <line number="106" hits="0" branch="False" />
              </lines>
            </method>
            <method name="InProgress" signature="()" line-rate="1" branch-rate="1" complexity="2">
              <lines>
                <line number="109" hits="5" branch="False" />
                <line number="110" hits="5" branch="True" condition-coverage="100% (2/2)">
                  <conditions>
                    <condition number="12" type="jump" coverage="100%" />
                  </conditions>
                </line>
                <line number="111" hits="1" branch="False" />
                <line number="112" hits="1" branch="False" />
                <line number="114" hits="4" branch="False" />
                <line number="115" hits="4" branch="False" />
              </lines>
            </method>
            <method name="Complete" signature="()" line-rate="1" branch-rate="1" complexity="2">
              <lines>
                <line number="118" hits="3" branch="False" />
                <line number="119" hits="3" branch="True" condition-coverage="100% (2/2)">
                  <conditions>
                    <condition number="15" type="jump" coverage="100%" />
                  </conditions>
                </line>
                <line number="120" hits="1" branch="False" />
                <line number="121" hits="1" branch="False" />
                <line number="123" hits="2" branch="False" />
                <line number="124" hits="2" branch="False" />
                <line number="125" hits="2" branch="False" />
              </lines>
            </method>
            <method name=".ctor" signature="(System.Guid,System.Guid,Contracting.Domain.Contracts.ContractType,System.DateTime)" line-rate="1" branch-rate="1" complexity="1">
              <lines>
                <line number="42" hits="20" branch="False" />
                <line number="43" hits="20" branch="False" />
                <line number="44" hits="20" branch="False" />
                <line number="45" hits="20" branch="False" />
                <line number="46" hits="20" branch="False" />
                <line number="47" hits="20" branch="False" />
                <line number="48" hits="20" branch="False" />
                <line number="49" hits="20" branch="False" />
                <line number="50" hits="20" branch="False" />
                <line number="51" hits="20" branch="False" />
                <line number="52" hits="20" branch="False" />
              </lines>
            </method>
            <method name=".ctor" signature="()" line-rate="0" branch-rate="1" complexity="1">
              <lines>
                <line number="127" hits="0" branch="False" />
              </lines>
            </method>
          </methods>
          <lines>
            <line number="10" hits="30" branch="False" />
            <line number="11" hits="30" branch="False" />
            <line number="12" hits="26" branch="False" />
            <line number="13" hits="37" branch="False" />
            <line number="17" hits="2" branch="False" />
            <line number="18" hits="20" branch="True" condition-coverage="50% (1/2)">
              <conditions>
                <condition number="9" type="jump" coverage="50%" />
              </conditions>
            </line>
            <line number="23" hits="7" branch="False" />
            <line number="24" hits="23" branch="True" condition-coverage="100% (2/2)">
              <conditions>
                <condition number="9" type="jump" coverage="100%" />
              </conditions>
            </line>
            <line number="29" hits="2" branch="False" />
            <line number="30" hits="4" branch="True" condition-coverage="100% (4/4)">
              <conditions>
                <condition number="8" type="jump" coverage="100%" />
                <condition number="26" type="jump" coverage="100%" />
              </conditions>
            </line>
            <line number="32" hits="20" branch="False" />
            <line number="37" hits="6" branch="False" />
            <line number="38" hits="6" branch="False" />
            <line number="39" hits="6" branch="False" />
            <line number="55" hits="22" branch="False" />
            <line number="56" hits="22" branch="True" condition-coverage="100% (2/2)">
              <conditions>
                <condition number="7" type="jump" coverage="100%" />
              </conditions>
            </line>
[...]
                <line number="47" hits="2" branch="False" />
                <line number="48" hits="1" branch="False" />
                <line number="49" hits="1" branch="False" />
                <line number="50" hits="1" branch="False" />
                <line number="51" hits="1" branch="False" />
                <line number="52" hits="1" branch="False" />
                <line number="53" hits="1" branch="False" />
                <line number="55" hits="1" branch="False" />
                <line number="56" hits="1" branch="False" />
                <line number="57" hits="1" branch="False" />
                <line number="59" hits="2" branch="False" />
              </lines>
            </method>
          </methods>
          <lines>
            <line number="44" hits="2" branch="False" />
            <line number="46" hits="2" branch="False" />
            <line number="47" hits="2" branch="False" />
            <line number="48" hits="1" branch="False" />
            <line number="49" hits="1" branch="False" />
            <line number="50" hits="1" branch="False" />
            <line number="51" hits="1" branch="False" />
            <line number="52" hits="1" branch="False" />
            <line number="53" hits="1" branch="False" />
            <line number="55" hits="1" branch="False" />
            <line number="56" hits="1" branch="False" />
            <line number="57" hits="1" branch="False" />
            <line number="59" hits="2" branch="False" />
          </lines>
        </class>
        <class name="Contracting.WebApi.Controllers.ContractController" filename="Contracting.WebApi\Controllers\ContractController.cs" line-rate="1" branch-rate="1" complexity="1">
          <methods>
            <method name=".ctor" signature="(MediatR.IMediator)" line-rate="1" branch-rate="1" complexity="1">
              <lines>
                <line number="19" hits="12" branch="False" />
                <line number="20" hits="12" branch="False" />
                <line number="21" hits="12" branch="False" />
                <line number="22" hits="12" branch="False" />
              </lines>
            </method>
          </methods>
          <lines>
            <line number="19" hits="12" branch="False" />
            <line number="20" hits="12" branch="False" />
            <line number="21" hits="12" branch="False" />
            <line number="22" hits="12" branch="False" />
          </lines>
        </class>
        <class name="Contracting.WebApi.Controllers.ContractController/&lt;CompleteContract&gt;d__6" filename="Contracting.WebApi\Controllers\ContractController.cs" line-rate="1" branch-rate="1" complexity="1">
          <methods>
            <method name="MoveNext" signature="()" line-rate="1" branch-rate="1" complexity="1">
              <lines>
                <line number="97" hits="2" branch="False" />
                <line number="99" hits="2" branch="False" />
                <line number="100" hits="2" branch="False" />
                <line number="101" hits="1" branch="False" />
                <line number="103" hits="1" branch="False" />
                <line number="104" hits="1" branch="False" />
                <line number="105" hits="1" branch="False" />
                <line number="107" hits="2" branch="False" />
              </lines>
            </method>
          </methods>
          <lines>
            <line number="97" hits="2" branch="False" />
            <line number="99" hits="2" branch="False" />
            <line number="100" hits="2" branch="False" />
            <line number="101" hits="1" branch="False" />
            <line number="103" hits="1" branch="False" />
            <line number="104" hits="1" branch="False" />
            <line number="105" hits="1" branch="False" />
            <line number="107" hits="2" branch="False" />
          </lines>
        </class>
        <class name="Contracting.WebApi.Controllers.ContractController/&lt;CreateContract&gt;d__2" filename="Contracting.WebApi\Controllers\ContractController.cs" line-rate="1" branch-rate="1" complexity="1">
          <methods>
            <method name="MoveNext" signature="()" line-rate="1" branch-rate="1" complexity="1">
              <lines>
                <line number="26" hits="2" branch="False" />
                <line number="28" hits="2" branch="False" />
                <line number="29" hits="2" branch="False" />
                <line number="30" hits="1" branch="False" />
                <line number="31" hits="1" branch="False" />
                <line number="33" hits="1" branch="False" />
                <line number="34" hits="1" branch="False" />
                <line number="35" hits="1" branch="False" />
                <line number="37" hits="2" branch="False" />
              </lines>
            </method>
          </methods>
          <lines>
            <line number="26" hits="2" branch="False" />
            <line number="28" hits="2" branch="False" />
            <line number="29" hits="2" branch="False" />
            <line number="30" hits="1" branch="False" />
            <line number="31" hits="1" branch="False" />
            <line number="33" hits="1" branch="False" />
            <line number="34" hits="1" branch="False" />
            <line number="35" hits="1" branch="False" />
            <line number="37" hits="2" branch="False" />
          </lines>
        </class>
        <class name="Contracting.WebApi.Controllers.ContractController/&lt;GetContractById&gt;d__3" filename="Contracting.WebApi\Controllers\ContractController.cs" line-rate="1" branch-rate="1" complexity="1">
          <methods>
            <method name="MoveNext" signature="()" line-rate="1" branch-rate="1" complexity="1">
              <lines>
                <line number="42" hits="2" branch="False" />
                <line number="44" hits="2" branch="False" />
                <line number="45" hits="2" branch="False" />
                <line number="46" hits="1" branch="False" />
                <line number="47" hits="1" branch="False" />
                <line number="48" hits="1" branch="False" />
                <line number="49" hits="1" branch="False" />
                <line number="50" hits="1" branch="False" />
                <line number="52" hits="1" branch="False" />
                <line number="54" hits="1" branch="False" />
                <line number="55" hits="1" branch="False" />
                <line number="56" hits="1" branch="False" />
                <line number="58" hits="2" branch="False" />
              </lines>
            </method>
          </methods>
          <lines>
            <line number="42" hits="2" branch="False" />
            <line number="44" hits="2" branch="False" />
            <line number="45" hits="2" branch="False" />
            <line number="46" hits="1" branch="False" />
            <line number="47" hits="1" branch="False" />
            <line number="48" hits="1" branch="False" />
            <line number="49" hits="1" branch="False" />
            <line number="50" hits="1" branch="False" />
            <line number="52" hits="1" branch="False" />
            <line number="54" hits="1" branch="False" />
            <line number="55" hits="1" branch="False" />
            <line number="56" hits="1" branch="False" />
            <line number="58" hits="2" branch="False" />
          </lines>
        </class>
        <class name="Contracting.WebApi.Controllers.ContractController/&lt;GetContracts&gt;d__4" filename="Contracting.WebApi\Controllers\ContractController.cs" line-rate="1" branch-rate="1" complexity="1">
          <methods>
            <method name="MoveNext" signature="()" line-rate="1" branch-rate="1" complexity="1">
              <lines>
                <line number="62" hits="2" branch="False" />
                <line number="64" hits="2" branch="False" />
                <line number="65" hits="2" branch="False" />
                <line number="66" hits="1" branch="False" />
                <line number="67" hits="1" branch="False" />
                <line number="68" hits="1" branch="False" />
                <line number="69" hits="1" branch="False" />
                <line number="70" hits="1" branch="False" />
                <line number="71" hits="1" branch="False" />
                <line number="73" hits="1" branch="False" />
                <line number="74" hits="1" branch="False" />
                <line number="75" hits="1" branch="False" />
                <line number="77" hits="2" branch="False" />
              </lines>
            </method>
          </methods>
          <lines>
            <line number="62" hits="2" branch="False" />
            <line number="64" hits="2" branch="False" />
            <line number="65" hits="2" branch="False" />
            <line number="66" hits="1" branch="False" />
            <line number="67" hits="1" branch="False" />
            <line number="68" hits="1" branch="False" />
            <line number="69" hits="1" branch="False" />
            <line number="70" hits="1" branch="False" />
            <line number="71" hits="1" branch="False" />
            <line number="73" hits="1" branch="False" />
            <line number="74" hits="1" branch="False" />
            <line number="75" hits="1" branch="False" />
            <line number="77" hits="2" branch="False" />
          </lines>
        </class>
        <class name="Contracting.WebApi.Controllers.ContractController/&lt;InProgressContract&gt;d__5" filename="Contracting.WebApi\Controllers\ContractController.cs" line-rate="1" branch-rate="1" complexity="1">
          <methods>
            <method name="MoveNext" signature="()" line-rate="1" branch-rate="1" complexity="1">
              <lines>
                <line number="82" hits="2" branch="False" />
                <line number="84" hits="2" branch="False" />
                <line number="85" hits="2" branch="False" />
                <line number="86" hits="1" branch="False" />
                <line number="88" hits="1" branch="False" />
                <line number="89" hits="1" branch="False" />
                <line number="90" hits="1" branch="False" />
                <line number="92" hits="2" branch="False" />
              </lines>
            </method>
          </methods>
          <lines>
            <line number="82" hits="2" branch="False" />
            <line number="84" hits="2" branch="False" />
            <line number="85" hits="2" branch="False" />
            <line number="86" hits="1" branch="False" />
            <line number="88" hits="1" branch="False" />
            <line number="89" hits="1" branch="False" />
            <line number="90" hits="1" branch="False" />
            <line number="92" hits="2" branch="False" />
          </lines>
        </class>
        <class name="Contracting.WebApi.Controllers.ContractController/&lt;UpdateAddressDates&gt;d__7" filename="Contracting.WebApi\Controllers\ContractController.cs" line-rate="1" branch-rate="1" complexity="1">
          <methods>
            <method name="MoveNext" signature="()" line-rate="1" branch-rate="1" complexity="1">
              <lines>
                <line number="112" hits="2" branch="False" />
                <line number="114" hits="2" branch="False" />
                <line number="115" hits="2" branch="False" />
                <line number="116" hits="1" branch="False" />
                <line number="118" hits="1" branch="False" />
                <line number="119" hits="1" branch="False" />
                <line number="120" hits="1" branch="False" />
                <line number="122" hits="2" branch="False" />
              </lines>
            </method>
          </methods>
          <lines>
            <line number="112" hits="2" branch="False" />
            <line number="114" hits="2" branch="False" />
            <line number="115" hits="2" branch="False" />
            <line number="116" hits="1" branch="False" />
            <line number="118" hits="1" branch="False" />
            <line number="119" hits="1" branch="False" />
            <line number="120" hits="1" branch="False" />
            <line number="122" hits="2" branch="False" />
          </lines>
        </class>
        <class name="Contracting.WebApi.Controllers.PatientController" filename="Contracting.WebApi\Controllers\PatientController.cs" line-rate="1" branch-rate="1" complexity="1">
          <methods>
            <method name=".ctor" signature="(MediatR.IMediator)" line-rate="1" branch-rate="1" complexity="1">
              <lines>
                <line number="15" hits="6" branch="False" />
                <line number="16" hits="6" branch="False" />
                <line number="17" hits="6" branch="False" />
                <line number="18" hits="6" branch="False" />
              </lines>
            </method>
          </methods>
          <lines>
            <line number="15" hits="6" branch="False" />
            <line number="16" hits="6" branch="False" />
            <line number="17" hits="6" branch="False" />
            <line number="18" hits="6" branch="False" />
          </lines>
        </class>
        <class name="Contracting.WebApi.Controllers.PatientController/&lt;CreatePatient&gt;d__2" filename="Contracting.WebApi\Controllers\PatientController.cs" line-rate="0.9473" branch-rate="1" complexity="1">
          <methods>
            <method name="MoveNext" signature="()" line-rate="0.9473" branch-rate="1" complexity="1">
              <lines>
                <line number="22" hits="2" branch="False" />
                <line number="24" hits="2" branch="False" />
                <line number="25" hits="2" branch="False" />
                <line number="26" hits="1" branch="False" />
                <line number="28" hits="1" branch="False" />
                <line number="29" hits="1" branch="False" />
                <line number="30" hits="1" branch="False" />
                <line number="31" hits="1" branch="False" />
                <line number="32" hits="1" branch="False" />
                <line number="33" hits="1" branch="False" />
                <line number="34" hits="1" branch="False" />
                <line number="35" hits="1" branch="False" />
                <line number="36" hits="1" branch="False" />
                <line number="37" hits="1" branch="False" />
                <line number="38" hits="0" branch="False" />
                <line number="40" hits="2" branch="False" />
                <line number="41" hits="2" branch="False" />
                <line number="42" hits="2" branch="False" />
                <line number="44" hits="2" branch="False" />
              </lines>
            </method>
          </methods>
          <lines>
            <line number="22" hits="2" branch="False" />
            <line number="24" hits="2" branch="False" />
            <line number="25" hits="2" branch="False" />
            <line number="26" hits="1" branch="False" />
            <line number="28" hits="1" branch="False" />
            <line number="29" hits="1" branch="False" />
            <line number="30" hits="1" branch="False" />
            <line number="31" hits="1" branch="False" />
            <line number="32" hits="1" branch="False" />
            <line number="33" hits="1" branch="False" />
            <line number="34" hits="1" branch="False" />
            <line number="35" hits="1" branch="False" />
            <line number="36" hits="1" branch="False" />
            <line number="37" hits="1" branch="False" />
            <line number="38" hits="0" branch="False" />
            <line number="40" hits="2" branch="False" />
            <line number="41" hits="2" branch="False" />
            <line number="42" hits="2" branch="False" />
            <line number="44" hits="2" branch="False" />
          </lines>
        </class>
        <class name="Contracting.WebApi.Controllers.PatientController/&lt;GetPatientById&gt;d__4" filename="Contracting.WebApi\Controllers\PatientController.cs" line-rate="1" branch-rate="1" complexity="1">
          <methods>
            <method name="MoveNext" signature="()" line-rate="1" branch-rate="1" complexity="1">
              <lines>
                <line number="68" hits="2" branch="False" />
                <line number="70" hits="2" branch="False" />
                <line number="71" hits="2" branch="False" />
                <line number="72" hits="1" branch="False" />
                <line number="73" hits="1" branch="False" />
                <line number="74" hits="1" branch="False" />
                <line number="75" hits="1" branch="False" />
                <line number="76" hits="1" branch="False" />
                <line number="78" hits="1" branch="False" />
                <line number="80" hits="1" branch="False" />
                <line number="81" hits="1" branch="False" />
                <line number="82" hits="1" branch="False" />
                <line number="84" hits="2" branch="False" />
              </lines>
            </method>
          </methods>
          <lines>
            <line number="68" hits="2" branch="False" />
            <line number="70" hits="2" branch="False" />
            <line number="71" hits="2" branch="False" />
            <line number="72" hits="1" branch="False" />
            <line number="73" hits="1" branch="False" />
            <line number="74" hits="1" branch="False" />
            <line number="75" hits="1" branch="False" />
            <line number="76" hits="1" branch="False" />
            <line number="78" hits="1" branch="False" />
            <line number="80" hits="1" branch="False" />
            <line number="81" hits="1" branch="False" />
            <line number="82" hits="1" branch="False" />
            <line number="84" hits="2" branch="False" />
          </lines>
        </class>
        <class name="Contracting.WebApi.Controllers.PatientController/&lt;GetPatients&gt;d__3" filename="Contracting.WebApi\Controllers\PatientController.cs" line-rate="1" branch-rate="1" complexity="1">
          <methods>
            <method name="MoveNext" signature="()" line-rate="1" branch-rate="1" complexity="1">
              <lines>
                <line number="48" hits="2" branch="False" />
                <line number="50" hits="2" branch="False" />
                <line number="51" hits="2" branch="False" />
                <line number="52" hits="1" branch="False" />
                <line number="53" hits="1" branch="False" />
                <line number="54" hits="1" branch="False" />
                <line number="55" hits="1" branch="False" />
                <line number="56" hits="1" branch="False" />
                <line number="57" hits="1" branch="False" />
                <line number="59" hits="1" branch="False" />
                <line number="60" hits="1" branch="False" />
                <line number="61" hits="1" branch="False" />
                <line number="63" hits="2" branch="False" />
              </lines>
            </method>
          </methods>
          <lines>
            <line number="48" hits="2" branch="False" />
            <line number="50" hits="2" branch="False" />
            <line number="51" hits="2" branch="False" />
            <line number="52" hits="1" branch="False" />
            <line number="53" hits="1" branch="False" />
            <line number="54" hits="1" branch="False" />
            <line number="55" hits="1" branch="False" />
            <line number="56" hits="1" branch="False" />
            <line number="57" hits="1" branch="False" />
            <line number="59" hits="1" branch="False" />
            <line number="60" hits="1" branch="False" />
            <line number="61" hits="1" branch="False" />
            <line number="63" hits="2" branch="False" />
          </lines>
        </class>
      </classes>
    </package>
  </packages>
</coverage>